============================= test session starts =============================
platform win32 -- Python 3.7.0b3, pytest-5.3.2, py-1.8.0, pluggy-0.13.1 -- c:\users\racter\appdata\local\programs\python\python37\python.exe
cachedir: .pytest_cache
rootdir: C:\Users\Racter\AppData\Local\Programs\Python\Python37
collecting ... collected 6 items

test_simpleMath.py::test_factor_2 FAILED                                 [ 16%]
test_simpleMath.py::test_factor_4 FAILED                                 [ 33%]
test_simpleMath.py::test_factor_3 PASSED                                 [ 50%]
test_simpleMath.py::test_factor_6 FAILED                                 [ 66%]
test_simpleMath.py::test_prime_3 PASSED                                  [ 83%]
test_simpleMath.py::test_prime_4 FAILED                                  [100%]

================================== FAILURES ===================================
________________________________ test_factor_2 ________________________________

input2 = 25

    def test_factor_2(input2):
>       assert input2 % 2 == 0
E       assert 1 == 0
E         -1
E         +0

test_simpleMath.py:41: AssertionError
________________________________ test_factor_4 ________________________________

input2 = 25

    def test_factor_4(input2):
>       assert input2 % 4 == 0
E       assert 1 == 0
E         -1
E         +0

test_simpleMath.py:44: AssertionError
________________________________ test_factor_6 ________________________________

input1 = 39

    def test_factor_6(input1):
>       assert input1 % 6 == 0
E       assert 3 == 0
E         -3
E         +0

test_simpleMath.py:50: AssertionError
________________________________ test_prime_4 _________________________________

input4 = 4

    def test_prime_4(input4):
    
        isPrime = False
        cnt = 0
        for i in range(1, int(input4)+1):
            if input4 % i == 0:
                cnt=cnt+1
                if cnt > 2:
                    isPrime = False
                    break
        if input4 <= 1 or cnt > 2:
>           assert False
E           assert False

test_simpleMath.py:78: AssertionError
========================= 4 failed, 2 passed in 0.06s =========================
